('BEGIN', 0)
('integer', 0)
('identifier', (3, 0))
(';', 0)
('integer', 0)
('identifier', (4, 0))
(';', 0)
('integer', 0)
('identifier', (5, 0))
(';', 0)
('integer', 0)
('identifier', (5, 1))
(';', 0)
('read', 0)
('identifier', (3, 0))
(';', 0)
('read', 0)
('identifier', (4, 0))
(';', 0)
('read', 0)
('identifier', (5, 0))
(';', 0)
('identifier', (5, 1))
('=', 0)
('identifier', (3, 0))
(';', 0)
('if', 0)
('identifier', (4, 0))
('<', 0)
('identifier', (5, 1))
('{', 0)
('identifier', (5, 1))
('=', 0)
('identifier', (4, 0))
(';', 0)
('}', 0)
('if', 0)
('identifier', (5, 0))
('<', 0)
('identifier', (5, 1))
('{', 0)
('identifier', (5, 1))
('=', 0)
('identifier', (5, 0))
(';', 0)
('}', 0)
('write', 0)
('identifier', (5, 1))
(';', 0)
('END', 0)
